<?xml version="1.0" encoding="UTF-8"?>
<!-- Generated by org.testng.reporters.JUnitReportReporter -->
<testsuite hostname="eday" name="Runner.TestRunner" tests="1" failures="0" timestamp="22 Nov 2017 11:10:33 GMT" time="38.872" errors="0">
  <testcase name="feature" time="38.872" classname="Runner.TestRunner"/>
</testsuite> <!-- Runner.TestRunner -->
